CRITICAL - 2023-03-04 05:25:56 --> Invalid file: "v_peta.php"
in SYSTEMPATH\Exceptions\FrameworkException.php on line 33.
 1 SYSTEMPATH\View\View.php(201): CodeIgniter\Exceptions\FrameworkException::forInvalidFile('v_peta.php')
 2 SYSTEMPATH\Common.php(1184): CodeIgniter\View\View->render('v_peta', [], true)
 3 APPPATH\Controllers\Home.php(9): view('v_peta')
 4 SYSTEMPATH\CodeIgniter.php(934): App\Controllers\Home->index()
 5 SYSTEMPATH\CodeIgniter.php(499): CodeIgniter\CodeIgniter->runController(Object(App\Controllers\Home))
 6 SYSTEMPATH\CodeIgniter.php(368): CodeIgniter\CodeIgniter->handleRequest(null, Object(Config\Cache), false)
 7 FCPATH\index.php(67): CodeIgniter\CodeIgniter->run()
ERROR - 2023-03-04 18:45:15 --> ErrorException: pg_query(): Query failed: ERROR:  relation "datalokasiobjek" already exists in C:\XAMPPP\htdocs\petalokasiobjek\system\Database\Postgre\Connection.php:147
Stack trace:
#0 [internal function]: CodeIgniter\Debug\Exceptions->errorHandler(2, 'pg_query(): Que...', 'C:\\XAMPPP\\htdoc...', 147)
#1 C:\XAMPPP\htdocs\petalokasiobjek\system\Database\Postgre\Connection.php(147): pg_query(Object(PgSql\Connection), 'CREATE TABLE "d...')
#2 C:\XAMPPP\htdocs\petalokasiobjek\system\Database\BaseConnection.php(691): CodeIgniter\Database\Postgre\Connection->execute('CREATE TABLE "d...')
#3 C:\XAMPPP\htdocs\petalokasiobjek\system\Database\BaseConnection.php(605): CodeIgniter\Database\BaseConnection->simpleQuery('CREATE TABLE "d...')
#4 C:\XAMPPP\htdocs\petalokasiobjek\system\Database\Forge.php(546): CodeIgniter\Database\BaseConnection->query('CREATE TABLE "d...')
#5 C:\XAMPPP\htdocs\petalokasiobjek\app\Database\Migrations\2023-03-04-184328_CreateTabelDataLokasiObjek.php(54): CodeIgniter\Database\Forge->createTable('datalokasiobjek')
#6 C:\XAMPPP\htdocs\petalokasiobjek\system\Database\MigrationRunner.php(877): App\Database\Migrations\CreateTabelDataLokasiObjek->up()
#7 C:\XAMPPP\htdocs\petalokasiobjek\system\Database\MigrationRunner.php(188): CodeIgniter\Database\MigrationRunner->migrate('up', Object(stdClass))
#8 C:\XAMPPP\htdocs\petalokasiobjek\system\Commands\Database\Migrate.php(84): CodeIgniter\Database\MigrationRunner->latest(NULL)
#9 C:\XAMPPP\htdocs\petalokasiobjek\system\CLI\Commands.php(65): CodeIgniter\Commands\Database\Migrate->run(Array)
#10 C:\XAMPPP\htdocs\petalokasiobjek\system\CLI\Console.php(37): CodeIgniter\CLI\Commands->run('migrate', Array)
#11 C:\XAMPPP\htdocs\petalokasiobjek\spark(97): CodeIgniter\CLI\Console->run()
#12 {main}
